<?xml version="1.0" encoding="UTF-8"?>
<!-- Generated by org.testng.reporters.JUnitXMLReporter -->
<testsuite ignored="0" hostname="DESKTOP-B63DI99" failures="1" tests="13" name="Test" time="61.137" errors="0" timestamp="2023-05-18T17:49:15 IST">
  <testcase classname="com.tutotiarlsninjs.qa.testcases.RegisterTest" name="verifyRegisteringAnAccountWithMandatoryFiels" time="1.576"/>
  <testcase classname="com.tutotiarlsninjs.qa.testcases.RegisterTest" name="verifyRegisteringAnAccountWithAllFiels" time="1.637"/>
  <testcase classname="com.tutotiarlsninjs.qa.testcases.RegisterTest" name="verifyRegiterAccountWithExistingEmailId" time="1.464"/>
  <testcase classname="com.tutotiarlsninjs.qa.testcases.RegisterTest" name="verifyRegiterAccountWithOutEnteringAnyDetails" time="0.674"/>
  <testcase classname="com.tutotiarlsninjs.qa.testcases.LoginTest" name="verifyLoginWithValidCredentials" time="0.927"/>
  <testcase classname="com.tutotiarlsninjs.qa.testcases.LoginTest" name="verifyLoginWithValidCredentials" time="0.923"/>
  <testcase classname="com.tutotiarlsninjs.qa.testcases.LoginTest" name="verifyLoginWithInValidCredentials" time="0.931"/>
  <testcase classname="com.tutotiarlsninjs.qa.testcases.LoginTest" name="verifyLoginWithInValidEmailAndValidPassword" time="0.951"/>
  <testcase classname="com.tutotiarlsninjs.qa.testcases.LoginTest" name="verifyLoginWithValidEmailAndInValidPassword" time="0.772"/>
  <testcase classname="com.tutotiarlsninjs.qa.testcases.LoginTest" name="verifyLoginWithOutValidCredentials" time="0.452"/>
  <testcase classname="com.tutotiarlsninjs.qa.testcases.SearchTest" name="verifysearchWithValidProduct" time="0.54"/>
  <testcase classname="com.tutotiarlsninjs.qa.testcases.SearchTest" name="verifysearchWithInValidProduct" time="0.518">
    <failure type="java.lang.AssertionError" message="no product matchies in criteria expected [There is no product that matches the search criteria s.] but found [There is no product that matches the search criteria.]">
      <![CDATA[java.lang.AssertionError: no product matchies in criteria expected [There is no product that matches the search criteria s.] but found [There is no product that matches the search criteria.]
at com.tutotiarlsninjs.qa.testcases.SearchTest.verifysearchWithInValidProduct(SearchTest.java:45)
at java.base/java.util.ArrayList.forEach(ArrayList.java:1511)
... Removed 30 stack frames]]>
    </failure>
  </testcase> <!-- verifysearchWithInValidProduct -->
  <testcase classname="com.tutotiarlsninjs.qa.testcases.SearchTest" name="verifysearchWithOutAnyProduct" time="0.001">
    <skipped/>
  </testcase> <!-- verifysearchWithOutAnyProduct -->
</testsuite> <!-- Test -->
